Using pre-set license
Built from 'HEAD' branch; Version is '2021.3.13f1c1 (07291ec823bf) revision 469278'; Using compiler version '192829333'; Build Type 'Release'
OS: 'Windows 11  (10.0.22621) 64bit CoreCountrySpecific' Language: 'zh' Physical Memory: 16052 MB
BatchMode: 1, IsHumanControllingUs: 0, StartBugReporterOnCrash: 0, Is64bit: 1, IsPro: 1

COMMAND LINE ARGUMENTS:
D:\unity\Program\2021.3.13f1c1\Editor\Unity.exe
-adb2
-batchMode
-noUpm
-name
AssetImportWorker4
-projectPath
D:/unity/Project/12.17UI
-logFile
Logs/AssetImportWorker4.log
-srvPort
56554
Successfully changed project path to: D:/unity/Project/12.17UI
D:/unity/Project/12.17UI
[UnityMemory] Configuration Parameters - Can be set up in boot.config
    "memorysetup-bucket-allocator-granularity=16"
    "memorysetup-bucket-allocator-bucket-count=8"
    "memorysetup-bucket-allocator-block-size=33554432"
    "memorysetup-bucket-allocator-block-count=8"
    "memorysetup-main-allocator-block-size=16777216"
    "memorysetup-thread-allocator-block-size=16777216"
    "memorysetup-gfx-main-allocator-block-size=16777216"
    "memorysetup-gfx-thread-allocator-block-size=16777216"
    "memorysetup-cache-allocator-block-size=4194304"
    "memorysetup-typetree-allocator-block-size=2097152"
    "memorysetup-profiler-bucket-allocator-granularity=16"
    "memorysetup-profiler-bucket-allocator-bucket-count=8"
    "memorysetup-profiler-bucket-allocator-block-size=33554432"
    "memorysetup-profiler-bucket-allocator-block-count=8"
    "memorysetup-profiler-allocator-block-size=16777216"
    "memorysetup-profiler-editor-allocator-block-size=1048576"
    "memorysetup-temp-allocator-size-main=16777216"
    "memorysetup-job-temp-allocator-block-size=2097152"
    "memorysetup-job-temp-allocator-block-size-background=1048576"
    "memorysetup-job-temp-allocator-reduction-small-platforms=262144"
    "memorysetup-temp-allocator-size-background-worker=32768"
    "memorysetup-temp-allocator-size-job-worker=262144"
    "memorysetup-temp-allocator-size-preload-manager=33554432"
    "memorysetup-temp-allocator-size-nav-mesh-worker=65536"
    "memorysetup-temp-allocator-size-audio-worker=65536"
    "memorysetup-temp-allocator-size-cloud-worker=32768"
    "memorysetup-temp-allocator-size-gi-baking-worker=262144"
    "memorysetup-temp-allocator-size-gfx=262144"
AS: AutoStreaming module initializing.
Refreshing native plugins compatible for Editor in 51.87 ms, found 3 plugins.
Preloading 0 native plugins for Editor in 0.00 ms.
Initialize engine version: 2021.3.13f1c1 (07291ec823bf)
[Subsystems] Discovering subsystems at path D:/unity/Program/2021.3.13f1c1/Editor/Data/Resources/UnitySubsystems
[Subsystems] Discovering subsystems at path D:/unity/Project/12.17UI/Assets
GfxDevice: creating device client; threaded=0; jobified=0
Direct3D:
    Version:  Direct3D 11.0 [level 11.1]
    Renderer: NVIDIA GeForce RTX 3060 Laptop GPU (ID=0x2520)
    Vendor:   NVIDIA
    VRAM:     6023 MB
    Driver:   30.0.15.1278
Initialize mono
Mono path[0] = 'D:/unity/Program/2021.3.13f1c1/Editor/Data/Managed'
Mono path[1] = 'D:/unity/Program/2021.3.13f1c1/Editor/Data/MonoBleedingEdge/lib/mono/unityjit-win32'
Mono config path = 'D:/unity/Program/2021.3.13f1c1/Editor/Data/MonoBleedingEdge/etc'
Using monoOptions --debugger-agent=transport=dt_socket,embedding=1,server=y,suspend=n,address=127.0.0.1:56420
Begin MonoManager ReloadAssembly
Registering precompiled unity dll's ...
Register platform support module: D:/unity/Program/2021.3.13f1c1/Editor/Data/PlaybackEngines/AndroidPlayer/UnityEditor.Android.Extensions.dll
Register platform support module: D:/unity/Program/2021.3.13f1c1/Editor/Data/PlaybackEngines/WindowsStandaloneSupport/UnityEditor.WindowsStandalone.Extensions.dll
Registered in 0.002997 seconds.
Native extension for WindowsStandalone target not found
Native extension for Android target not found
Refreshing native plugins compatible for Editor in 50.10 ms, found 3 plugins.
Preloading 0 native plugins for Editor in 0.00 ms.
Mono: successfully reloaded assembly
- Completed reload, in  0.432 seconds
Domain Reload Profiling:
	ReloadAssembly (432ms)
		BeginReloadAssembly (53ms)
			ExecutionOrderSort (0ms)
			DisableScriptedObjects (0ms)
			BackupInstance (0ms)
			ReleaseScriptingObjects (0ms)
			CreateAndSetChildDomain (0ms)
		EndReloadAssembly (307ms)
			LoadAssemblies (50ms)
			RebuildTransferFunctionScriptingTraits (0ms)
			SetupTypeCache (68ms)
			ReleaseScriptCaches (0ms)
			RebuildScriptCaches (20ms)
			SetupLoadedEditorAssemblies (183ms)
				LogAssemblyErrors (0ms)
				InitializePlatformSupportModulesInManaged (40ms)
				SetLoadedEditorAssemblies (0ms)
				RefreshPlugins (50ms)
				BeforeProcessingInitializeOnLoad (1ms)
				ProcessInitializeOnLoadAttributes (63ms)
				ProcessInitializeOnLoadMethodAttributes (29ms)
				AfterProcessingInitializeOnLoad (0ms)
				EditorAssembliesLoaded (0ms)
			ExecutionOrderSort2 (0ms)
			AwakeInstancesAfterBackupRestoration (0ms)
Platform modules already initialized, skipping
Registering precompiled user dll's ...
Registered in 0.009014 seconds.
Begin MonoManager ReloadAssembly
Symbol file LoadedFromMemory doesn't match image D:\unity\Project\12.17UI\Library\PackageCache\com.unity.visualscripting@1.7.8\Editor\VisualScripting.Core\Dependencies\YamlDotNet\Unity.VisualScripting.YamlDotNet.dll
Symbol file LoadedFromMemory doesn't match image D:\unity\Project\12.17UI\Library\PackageCache\com.unity.visualscripting@1.7.8\Editor\VisualScripting.Core\Dependencies\DotNetZip\Unity.VisualScripting.IonicZip.dll
Native extension for WindowsStandalone target not found
Native extension for Android target not found
Refreshing native plugins compatible for Editor in 0.50 ms, found 3 plugins.
Preloading 0 native plugins for Editor in 0.00 ms.
Mono: successfully reloaded assembly
- Completed reload, in  0.902 seconds
Domain Reload Profiling:
	ReloadAssembly (903ms)
		BeginReloadAssembly (295ms)
			ExecutionOrderSort (0ms)
			DisableScriptedObjects (3ms)
			BackupInstance (0ms)
			ReleaseScriptingObjects (0ms)
			CreateAndSetChildDomain (230ms)
		EndReloadAssembly (529ms)
			LoadAssemblies (57ms)
			RebuildTransferFunctionScriptingTraits (0ms)
			SetupTypeCache (168ms)
			ReleaseScriptCaches (0ms)
			RebuildScriptCaches (32ms)
			SetupLoadedEditorAssemblies (244ms)
				LogAssemblyErrors (0ms)
				InitializePlatformSupportModulesInManaged (9ms)
				SetLoadedEditorAssemblies (0ms)
				RefreshPlugins (1ms)
				BeforeProcessingInitializeOnLoad (55ms)
				ProcessInitializeOnLoadAttributes (152ms)
				ProcessInitializeOnLoadMethodAttributes (21ms)
				AfterProcessingInitializeOnLoad (6ms)
				EditorAssembliesLoaded (0ms)
			ExecutionOrderSort2 (0ms)
			AwakeInstancesAfterBackupRestoration (5ms)
Platform modules already initialized, skipping
========================================================================
Worker process is ready to serve import requests
Launched and connected shader compiler UnityShaderCompiler.exe after 0.03 seconds
Refreshing native plugins compatible for Editor in 0.64 ms, found 3 plugins.
Preloading 0 native plugins for Editor in 0.00 ms.
Unloading 3397 Unused Serialized files (Serialized files now loaded: 0)
Unloading 29 unused Assets / (114.0 KB). Loaded Objects now: 3861.
Memory consumption went from 120.9 MB to 120.8 MB.
Total: 2.652200 ms (FindLiveObjects: 0.183700 ms CreateObjectMapping: 0.080100 ms MarkObjects: 2.303000 ms  DeleteObjects: 0.084300 ms)

AssetImportParameters requested are different than current active one (requested -> active):
  custom:video-decoder-ogg-theora: a1e56fd34408186e4bbccfd4996cb3dc -> 
  custom:container-muxer-webm: aa71ff27fc2769a1b78a27578f13a17b -> 
  custom:container-demuxer-webm: 4f35f7cbe854078d1ac9338744f61a02 -> 
  custom:video-encoder-webm-vp8: eb34c28f22e8b96e1ab97ce403110664 -> 
  custom:video-codec-MediaFoundation-h265: 746d11721c4dcdbdad8f713fa42b33f4 -> 
  custom:audio-encoder-webm-vorbis: bf7c407c2cedff20999df2af8eb42d56 -> 
  custom:framework-win-MediaFoundation: 216162199b28c13a410421893ffa2e32 -> 
  custom:container-demuxer-ogg: 62fdf1f143b41e24485cea50d1cbac27 -> 
  custom:video-decoder-webm-vp8: 9c59270c3fd7afecdb556c50c9e8de78 -> 
  custom:audio-decoder-ogg-vorbis: bf7c407c2cedff20999df2af8eb42d56 -> 
========================================================================
Received Prepare
Registering precompiled user dll's ...
Registered in 0.009610 seconds.
Begin MonoManager ReloadAssembly
Symbol file LoadedFromMemory doesn't match image D:\unity\Project\12.17UI\Library\PackageCache\com.unity.visualscripting@1.7.8\Editor\VisualScripting.Core\Dependencies\YamlDotNet\Unity.VisualScripting.YamlDotNet.dll
Symbol file LoadedFromMemory doesn't match image D:\unity\Project\12.17UI\Library\PackageCache\com.unity.visualscripting@1.7.8\Editor\VisualScripting.Core\Dependencies\DotNetZip\Unity.VisualScripting.IonicZip.dll
Native extension for WindowsStandalone target not found
Native extension for Android target not found
Refreshing native plugins compatible for Editor in 0.43 ms, found 3 plugins.
Preloading 0 native plugins for Editor in 0.00 ms.
Mono: successfully reloaded assembly
- Completed reload, in  0.738 seconds
Domain Reload Profiling:
	ReloadAssembly (738ms)
		BeginReloadAssembly (108ms)
			ExecutionOrderSort (0ms)
			DisableScriptedObjects (4ms)
			BackupInstance (0ms)
			ReleaseScriptingObjects (0ms)
			CreateAndSetChildDomain (29ms)
		EndReloadAssembly (554ms)
			LoadAssemblies (66ms)
			RebuildTransferFunctionScriptingTraits (0ms)
			SetupTypeCache (202ms)
			ReleaseScriptCaches (1ms)
			RebuildScriptCaches (31ms)
			SetupLoadedEditorAssemblies (217ms)
				LogAssemblyErrors (0ms)
				InitializePlatformSupportModulesInManaged (18ms)
				SetLoadedEditorAssemblies (0ms)
				RefreshPlugins (1ms)
				BeforeProcessingInitializeOnLoad (43ms)
				ProcessInitializeOnLoadAttributes (129ms)
				ProcessInitializeOnLoadMethodAttributes (20ms)
				AfterProcessingInitializeOnLoad (6ms)
				EditorAssembliesLoaded (0ms)
			ExecutionOrderSort2 (0ms)
			AwakeInstancesAfterBackupRestoration (5ms)
Platform modules already initialized, skipping
Refreshing native plugins compatible for Editor in 1.49 ms, found 3 plugins.
Preloading 0 native plugins for Editor in 0.00 ms.
Unloading 3344 Unused Serialized files (Serialized files now loaded: 0)
Unloading 68 unused Assets / (80.2 KB). Loaded Objects now: 3816.
Memory consumption went from 119.8 MB to 119.8 MB.
Total: 2.566000 ms (FindLiveObjects: 0.162000 ms CreateObjectMapping: 0.070100 ms MarkObjects: 2.254800 ms  DeleteObjects: 0.078200 ms)

AssetImportParameters requested are different than current active one (requested -> active):
  custom:video-decoder-ogg-theora: a1e56fd34408186e4bbccfd4996cb3dc -> 
  custom:container-muxer-webm: aa71ff27fc2769a1b78a27578f13a17b -> 
  custom:container-demuxer-webm: 4f35f7cbe854078d1ac9338744f61a02 -> 
  custom:video-encoder-webm-vp8: eb34c28f22e8b96e1ab97ce403110664 -> 
  custom:video-codec-MediaFoundation-h265: 746d11721c4dcdbdad8f713fa42b33f4 -> 
  custom:audio-encoder-webm-vorbis: bf7c407c2cedff20999df2af8eb42d56 -> 
  custom:framework-win-MediaFoundation: 216162199b28c13a410421893ffa2e32 -> 
  custom:container-demuxer-ogg: 62fdf1f143b41e24485cea50d1cbac27 -> 
  custom:video-decoder-webm-vp8: 9c59270c3fd7afecdb556c50c9e8de78 -> 
  custom:audio-decoder-ogg-vorbis: bf7c407c2cedff20999df2af8eb42d56 -> 
========================================================================
Received Import Request.
  Time since last request: 194756.662709 seconds.
  path: Assets/Scenes
  artifactKey: Guid(6ea315d0fd7389c41b19996891e99ae3) Importer(815301076,1909f56bfc062723c751e8b465ee728b)
Start importing Assets/Scenes using Guid(6ea315d0fd7389c41b19996891e99ae3) Importer(815301076,1909f56bfc062723c751e8b465ee728b)  -> (artifact id: 'b8193726cff86800c54781cdc6d54904') in 0.005046 seconds 
========================================================================
Received Import Request.
  Time since last request: 1.021059 seconds.
  path: Assets/Scenes/SampleScene.unity
  artifactKey: Guid(9fc0d4010bbf28b4594072e72b8655ab) Importer(815301076,1909f56bfc062723c751e8b465ee728b)
Start importing Assets/Scenes/SampleScene.unity using Guid(9fc0d4010bbf28b4594072e72b8655ab) Importer(815301076,1909f56bfc062723c751e8b465ee728b)  -> (artifact id: 'e55ccaa32d8e5c1de03c07a5412c8c3c') in 0.001268 seconds 
========================================================================
Received Import Request.
  Time since last request: 0.331744 seconds.
  path: Assets/Scenes/No3.unity
  artifactKey: Guid(d684c616bc47342c79986ada373c81ff) Importer(815301076,1909f56bfc062723c751e8b465ee728b)
Start importing Assets/Scenes/No3.unity using Guid(d684c616bc47342c79986ada373c81ff) Importer(815301076,1909f56bfc062723c751e8b465ee728b)  -> (artifact id: 'ab44c7757ece2b225c1e73ef9c037366') in 0.001342 seconds 
========================================================================
Received Import Request.
  Time since last request: 7.640225 seconds.
  path: Assets/Scenes/No2.unity
  artifactKey: Guid(99b0747aacca643f79fdf897774687df) Importer(815301076,1909f56bfc062723c751e8b465ee728b)
Start importing Assets/Scenes/No2.unity using Guid(99b0747aacca643f79fdf897774687df) Importer(815301076,1909f56bfc062723c751e8b465ee728b)  -> (artifact id: 'ca8ec9bfb2104b46e44494627363d762') in 0.001538 seconds 
========================================================================
Received Prepare
Registering precompiled user dll's ...
Registered in 0.008303 seconds.
Begin MonoManager ReloadAssembly
Symbol file LoadedFromMemory doesn't match image D:\unity\Project\12.17UI\Library\PackageCache\com.unity.visualscripting@1.7.8\Editor\VisualScripting.Core\Dependencies\YamlDotNet\Unity.VisualScripting.YamlDotNet.dll
Symbol file LoadedFromMemory doesn't match image D:\unity\Project\12.17UI\Library\PackageCache\com.unity.visualscripting@1.7.8\Editor\VisualScripting.Core\Dependencies\DotNetZip\Unity.VisualScripting.IonicZip.dll
Native extension for WindowsStandalone target not found
Native extension for Android target not found
Refreshing native plugins compatible for Editor in 0.43 ms, found 3 plugins.
Preloading 0 native plugins for Editor in 0.00 ms.
Mono: successfully reloaded assembly
- Completed reload, in  0.699 seconds
Domain Reload Profiling:
	ReloadAssembly (700ms)
		BeginReloadAssembly (108ms)
			ExecutionOrderSort (0ms)
			DisableScriptedObjects (3ms)
			BackupInstance (0ms)
			ReleaseScriptingObjects (0ms)
			CreateAndSetChildDomain (27ms)
		EndReloadAssembly (518ms)
			LoadAssemblies (70ms)
			RebuildTransferFunctionScriptingTraits (0ms)
			SetupTypeCache (184ms)
			ReleaseScriptCaches (1ms)
			RebuildScriptCaches (29ms)
			SetupLoadedEditorAssemblies (206ms)
				LogAssemblyErrors (0ms)
				InitializePlatformSupportModulesInManaged (16ms)
				SetLoadedEditorAssemblies (0ms)
				RefreshPlugins (0ms)
				BeforeProcessingInitializeOnLoad (44ms)
				ProcessInitializeOnLoadAttributes (119ms)
				ProcessInitializeOnLoadMethodAttributes (20ms)
				AfterProcessingInitializeOnLoad (6ms)
				EditorAssembliesLoaded (0ms)
			ExecutionOrderSort2 (0ms)
			AwakeInstancesAfterBackupRestoration (5ms)
Platform modules already initialized, skipping
Refreshing native plugins compatible for Editor in 2.34 ms, found 3 plugins.
Preloading 0 native plugins for Editor in 0.00 ms.
Unloading 3384 Unused Serialized files (Serialized files now loaded: 0)
Unloading 22 unused Assets / (80.4 KB). Loaded Objects now: 3859.
Memory consumption went from 120.7 MB to 120.6 MB.
Total: 2.289900 ms (FindLiveObjects: 0.162700 ms CreateObjectMapping: 0.074200 ms MarkObjects: 1.977200 ms  DeleteObjects: 0.075200 ms)

AssetImportParameters requested are different than current active one (requested -> active):
  custom:video-decoder-ogg-theora: a1e56fd34408186e4bbccfd4996cb3dc -> 
  custom:container-muxer-webm: aa71ff27fc2769a1b78a27578f13a17b -> 
  custom:container-demuxer-webm: 4f35f7cbe854078d1ac9338744f61a02 -> 
  custom:video-encoder-webm-vp8: eb34c28f22e8b96e1ab97ce403110664 -> 
  custom:video-codec-MediaFoundation-h265: 746d11721c4dcdbdad8f713fa42b33f4 -> 
  custom:audio-encoder-webm-vorbis: bf7c407c2cedff20999df2af8eb42d56 -> 
  custom:framework-win-MediaFoundation: 216162199b28c13a410421893ffa2e32 -> 
  custom:container-demuxer-ogg: 62fdf1f143b41e24485cea50d1cbac27 -> 
  custom:video-decoder-webm-vp8: 9c59270c3fd7afecdb556c50c9e8de78 -> 
  custom:audio-decoder-ogg-vorbis: bf7c407c2cedff20999df2af8eb42d56 -> 
========================================================================
Received Import Request.
  Time since last request: 192.651768 seconds.
  path: Assets/MVC2/UINotification.cs
  artifactKey: Guid(271662771e32457e81ab1b6915fabe7f) Importer(815301076,1909f56bfc062723c751e8b465ee728b)
Start importing Assets/MVC2/UINotification.cs using Guid(271662771e32457e81ab1b6915fabe7f) Importer(815301076,1909f56bfc062723c751e8b465ee728b)  -> (artifact id: 'a65fda6e63ee0b37805b19b7a2682f3e') in 0.022487 seconds 
========================================================================
Received Import Request.
  Time since last request: 1.132589 seconds.
  path: Assets/MVC2/Manager
  artifactKey: Guid(cd38da5e26374d1594925c0774501d41) Importer(815301076,1909f56bfc062723c751e8b465ee728b)
Start importing Assets/MVC2/Manager using Guid(cd38da5e26374d1594925c0774501d41) Importer(815301076,1909f56bfc062723c751e8b465ee728b)  -> (artifact id: 'd19f40e7a6ae5c007b371a16df22a40e') in 0.001595 seconds 
========================================================================
Received Import Request.
  Time since last request: 0.643459 seconds.
  path: Assets/MVC2/Manager/UIManager.cs
  artifactKey: Guid(6d62bc4201b0406295b9af40ad2250bb) Importer(815301076,1909f56bfc062723c751e8b465ee728b)
Start importing Assets/MVC2/Manager/UIManager.cs using Guid(6d62bc4201b0406295b9af40ad2250bb) Importer(815301076,1909f56bfc062723c751e8b465ee728b)  -> (artifact id: '56ab3b8a9ce8b890f8d525cfd37429fb') in 0.002219 seconds 
========================================================================
Received Import Request.
  Time since last request: 6349.481964 seconds.
  path: Assets/MVC2/Base
  artifactKey: Guid(607f924d424142e290c5741a1cead008) Importer(815301076,1909f56bfc062723c751e8b465ee728b)
Start importing Assets/MVC2/Base using Guid(607f924d424142e290c5741a1cead008) Importer(815301076,1909f56bfc062723c751e8b465ee728b)  -> (artifact id: '70fad69b45b21b61e98c6ea099ce7503') in 0.005320 seconds 
========================================================================
Received Import Request.
  Time since last request: 1.409565 seconds.
  path: Assets/MVC2/Base/UIBaseView.cs
  artifactKey: Guid(ece726b655dd4a35878232e2f04488cd) Importer(815301076,1909f56bfc062723c751e8b465ee728b)
Start importing Assets/MVC2/Base/UIBaseView.cs using Guid(ece726b655dd4a35878232e2f04488cd) Importer(815301076,1909f56bfc062723c751e8b465ee728b)  -> (artifact id: '35327f1876c57be596fcc3a37e3866a4') in 0.001568 seconds 
========================================================================
Received Import Request.
  Time since last request: 0.248230 seconds.
  path: Assets/MVC2/Base/UIBaseModel.cs
  artifactKey: Guid(c9a5d54de93e403684f15261c3b2dddf) Importer(815301076,1909f56bfc062723c751e8b465ee728b)
Start importing Assets/MVC2/Base/UIBaseModel.cs using Guid(c9a5d54de93e403684f15261c3b2dddf) Importer(815301076,1909f56bfc062723c751e8b465ee728b)  -> (artifact id: '66e1f24f45cf617986947ff2ca4ed2cd') in 0.001398 seconds 
========================================================================
Received Import Request.
  Time since last request: 1.096859 seconds.
  path: Assets/MVC2/EventSystem
  artifactKey: Guid(a251075fafea447f9ef46123d2f01f64) Importer(815301076,1909f56bfc062723c751e8b465ee728b)
Start importing Assets/MVC2/EventSystem using Guid(a251075fafea447f9ef46123d2f01f64) Importer(815301076,1909f56bfc062723c751e8b465ee728b)  -> (artifact id: 'b49918fb94c6fffff80d3c088e777490') in 0.001648 seconds 
========================================================================
Received Import Request.
  Time since last request: 1.210689 seconds.
  path: Assets/MVC2/EventSystem/MessageCenter.cs
  artifactKey: Guid(9dfc1f3a0f1b459d8fb004468d8d961e) Importer(815301076,1909f56bfc062723c751e8b465ee728b)
Start importing Assets/MVC2/EventSystem/MessageCenter.cs using Guid(9dfc1f3a0f1b459d8fb004468d8d961e) Importer(815301076,1909f56bfc062723c751e8b465ee728b)  -> (artifact id: '333405c2435e73eff4d9ce40a3d93c2b') in 0.001963 seconds 
========================================================================
Received Import Request.
  Time since last request: 0.350117 seconds.
  path: Assets/MVC2/EventSystem/MsgBase.cs
  artifactKey: Guid(7b270928d6c8427c976cdf78e34f0a97) Importer(815301076,1909f56bfc062723c751e8b465ee728b)
Start importing Assets/MVC2/EventSystem/MsgBase.cs using Guid(7b270928d6c8427c976cdf78e34f0a97) Importer(815301076,1909f56bfc062723c751e8b465ee728b)  -> (artifact id: '83425eeff885130e8b252794ff1e8083') in 0.001296 seconds 
========================================================================
Received Import Request.
  Time since last request: 0.543290 seconds.
  path: Assets/MVC2/EventSystem/GlobalMessageCenter.cs
  artifactKey: Guid(8751d55a7f404b61a8f5ba4f60963069) Importer(815301076,1909f56bfc062723c751e8b465ee728b)
Start importing Assets/MVC2/EventSystem/GlobalMessageCenter.cs using Guid(8751d55a7f404b61a8f5ba4f60963069) Importer(815301076,1909f56bfc062723c751e8b465ee728b)  -> (artifact id: 'a1605f4aad902eecef61821f3e34765d') in 0.001519 seconds 
========================================================================
Received Import Request.
  Time since last request: 2.042792 seconds.
  path: Assets/MVC2/EventSystem/EventNames.cs
  artifactKey: Guid(974d0145b160437cb9e649135566409f) Importer(815301076,1909f56bfc062723c751e8b465ee728b)
Start importing Assets/MVC2/EventSystem/EventNames.cs using Guid(974d0145b160437cb9e649135566409f) Importer(815301076,1909f56bfc062723c751e8b465ee728b)  -> (artifact id: '48a9f13d5a69074a66ce81db1fe26649') in 0.001349 seconds 
========================================================================
Received Import Request.
  Time since last request: 3.509817 seconds.
  path: Assets/MVC2/Example
  artifactKey: Guid(91cc77dbcf8e4c88be0e4b7661ab1cec) Importer(815301076,1909f56bfc062723c751e8b465ee728b)
Start importing Assets/MVC2/Example using Guid(91cc77dbcf8e4c88be0e4b7661ab1cec) Importer(815301076,1909f56bfc062723c751e8b465ee728b)  -> (artifact id: 'f5a702aa780c65a990f7cc094a6141a1') in 0.001405 seconds 
========================================================================
Received Import Request.
  Time since last request: 1.908516 seconds.
  path: Assets/MVC2/Example/Main.cs
  artifactKey: Guid(cdb4045a37c249c0805fbf9b41fbbe2a) Importer(815301076,1909f56bfc062723c751e8b465ee728b)
Start importing Assets/MVC2/Example/Main.cs using Guid(cdb4045a37c249c0805fbf9b41fbbe2a) Importer(815301076,1909f56bfc062723c751e8b465ee728b)  -> (artifact id: '787a37900d2910d8c0158c1143b17ead') in 0.001284 seconds 
========================================================================
Received Import Request.
  Time since last request: 7.629497 seconds.
  path: Assets/MVC2/Example/Scripts
  artifactKey: Guid(a3b7ffef887240fa9c0e16b1980bd64e) Importer(815301076,1909f56bfc062723c751e8b465ee728b)
Start importing Assets/MVC2/Example/Scripts using Guid(a3b7ffef887240fa9c0e16b1980bd64e) Importer(815301076,1909f56bfc062723c751e8b465ee728b)  -> (artifact id: 'a4333e498d92f065d6eebd58061cd0a1') in 0.002162 seconds 
========================================================================
Received Import Request.
  Time since last request: 1.725620 seconds.
  path: Assets/MVC2/Example/Scripts/UI
  artifactKey: Guid(50ef27ddfe1eb0f459f8095381faab91) Importer(815301076,1909f56bfc062723c751e8b465ee728b)
Start importing Assets/MVC2/Example/Scripts/UI using Guid(50ef27ddfe1eb0f459f8095381faab91) Importer(815301076,1909f56bfc062723c751e8b465ee728b)  -> (artifact id: '35940d5b7cd97587090db9ff28d3cf1e') in 0.001818 seconds 
========================================================================
Received Import Request.
  Time since last request: 2.956633 seconds.
  path: Assets/MVC2/Example/Scenes
  artifactKey: Guid(3dde6b07d3057994bbf9f5e17cc2c34c) Importer(815301076,1909f56bfc062723c751e8b465ee728b)
Start importing Assets/MVC2/Example/Scenes using Guid(3dde6b07d3057994bbf9f5e17cc2c34c) Importer(815301076,1909f56bfc062723c751e8b465ee728b)  -> (artifact id: '8934615be58657aadd623642dfb49cac') in 0.001047 seconds 
========================================================================
Received Import Request.
  Time since last request: 2.082919 seconds.
  path: Assets/MVC2/Example/Scenes/Main.unity
  artifactKey: Guid(cc36eb01354f04944b70053ec6826731) Importer(815301076,1909f56bfc062723c751e8b465ee728b)
Start importing Assets/MVC2/Example/Scenes/Main.unity using Guid(cc36eb01354f04944b70053ec6826731) Importer(815301076,1909f56bfc062723c751e8b465ee728b)  -> (artifact id: 'cb077c266d1a324b0ffa61a9d3cc67e4') in 0.001652 seconds 
========================================================================
Received Import Request.
  Time since last request: 11.639672 seconds.
  path: Assets/MVC2/Tools
  artifactKey: Guid(0e79b95e022f4f778db26e70600fb73d) Importer(815301076,1909f56bfc062723c751e8b465ee728b)
Start importing Assets/MVC2/Tools using Guid(0e79b95e022f4f778db26e70600fb73d) Importer(815301076,1909f56bfc062723c751e8b465ee728b)  -> (artifact id: '2002914859064c1de1b5bdf425a9bedc') in 0.001401 seconds 
========================================================================
Received Import Request.
  Time since last request: 22.739737 seconds.
  path: Assets/MVC2/UINotification.cs
  artifactKey: Guid(271662771e32457e81ab1b6915fabe7f) Importer(815301076,1909f56bfc062723c751e8b465ee728b)
Start importing Assets/MVC2/UINotification.cs using Guid(271662771e32457e81ab1b6915fabe7f) Importer(815301076,1909f56bfc062723c751e8b465ee728b)  -> (artifact id: '3398fa9abf715e40ec19e0c6e65dd378') in 0.001173 seconds 
========================================================================
Received Prepare
Registering precompiled user dll's ...
Registered in 0.017623 seconds.
Begin MonoManager ReloadAssembly
Symbol file LoadedFromMemory doesn't match image D:\unity\Project\12.17UI\Library\PackageCache\com.unity.visualscripting@1.7.8\Editor\VisualScripting.Core\Dependencies\YamlDotNet\Unity.VisualScripting.YamlDotNet.dll
Symbol file LoadedFromMemory doesn't match image D:\unity\Project\12.17UI\Library\PackageCache\com.unity.visualscripting@1.7.8\Editor\VisualScripting.Core\Dependencies\DotNetZip\Unity.VisualScripting.IonicZip.dll
Native extension for WindowsStandalone target not found
Native extension for Android target not found
Refreshing native plugins compatible for Editor in 0.58 ms, found 3 plugins.
Preloading 0 native plugins for Editor in 0.00 ms.
Mono: successfully reloaded assembly
- Completed reload, in  1.181 seconds
Domain Reload Profiling:
	ReloadAssembly (1182ms)
		BeginReloadAssembly (252ms)
			ExecutionOrderSort (0ms)
			DisableScriptedObjects (11ms)
			BackupInstance (0ms)
			ReleaseScriptingObjects (0ms)
			CreateAndSetChildDomain (84ms)
		EndReloadAssembly (807ms)
			LoadAssemblies (126ms)
			RebuildTransferFunctionScriptingTraits (0ms)
			SetupTypeCache (268ms)
			ReleaseScriptCaches (1ms)
			RebuildScriptCaches (45ms)
			SetupLoadedEditorAssemblies (341ms)
				LogAssemblyErrors (0ms)
				InitializePlatformSupportModulesInManaged (21ms)
				SetLoadedEditorAssemblies (1ms)
				RefreshPlugins (1ms)
				BeforeProcessingInitializeOnLoad (66ms)
				ProcessInitializeOnLoadAttributes (206ms)
				ProcessInitializeOnLoadMethodAttributes (36ms)
				AfterProcessingInitializeOnLoad (10ms)
				EditorAssembliesLoaded (0ms)
			ExecutionOrderSort2 (0ms)
			AwakeInstancesAfterBackupRestoration (9ms)
Platform modules already initialized, skipping
Refreshing native plugins compatible for Editor in 2.53 ms, found 3 plugins.
Preloading 0 native plugins for Editor in 0.00 ms.
Unloading 3365 Unused Serialized files (Serialized files now loaded: 0)
Unloading 41 unused Assets / (80.2 KB). Loaded Objects now: 3843.
Memory consumption went from 120.3 MB to 120.2 MB.
Total: 3.768800 ms (FindLiveObjects: 0.212800 ms CreateObjectMapping: 0.071700 ms MarkObjects: 3.356000 ms  DeleteObjects: 0.127300 ms)

AssetImportParameters requested are different than current active one (requested -> active):
  custom:video-decoder-ogg-theora: a1e56fd34408186e4bbccfd4996cb3dc -> 
  custom:container-muxer-webm: aa71ff27fc2769a1b78a27578f13a17b -> 
  custom:container-demuxer-webm: 4f35f7cbe854078d1ac9338744f61a02 -> 
  custom:video-encoder-webm-vp8: eb34c28f22e8b96e1ab97ce403110664 -> 
  custom:video-codec-MediaFoundation-h265: 746d11721c4dcdbdad8f713fa42b33f4 -> 
  custom:audio-encoder-webm-vorbis: bf7c407c2cedff20999df2af8eb42d56 -> 
  custom:framework-win-MediaFoundation: 216162199b28c13a410421893ffa2e32 -> 
  custom:container-demuxer-ogg: 62fdf1f143b41e24485cea50d1cbac27 -> 
  custom:video-decoder-webm-vp8: 9c59270c3fd7afecdb556c50c9e8de78 -> 
  custom:audio-decoder-ogg-vorbis: bf7c407c2cedff20999df2af8eb42d56 -> 
========================================================================
Received Prepare
Registering precompiled user dll's ...
Registered in 0.010361 seconds.
Begin MonoManager ReloadAssembly
Symbol file LoadedFromMemory doesn't match image D:\unity\Project\12.17UI\Library\PackageCache\com.unity.visualscripting@1.7.8\Editor\VisualScripting.Core\Dependencies\YamlDotNet\Unity.VisualScripting.YamlDotNet.dll
Symbol file LoadedFromMemory doesn't match image D:\unity\Project\12.17UI\Library\PackageCache\com.unity.visualscripting@1.7.8\Editor\VisualScripting.Core\Dependencies\DotNetZip\Unity.VisualScripting.IonicZip.dll
Native extension for WindowsStandalone target not found
Native extension for Android target not found
Refreshing native plugins compatible for Editor in 0.56 ms, found 3 plugins.
Preloading 0 native plugins for Editor in 0.00 ms.
Mono: successfully reloaded assembly
- Completed reload, in  0.694 seconds
Domain Reload Profiling:
	ReloadAssembly (694ms)
		BeginReloadAssembly (103ms)
			ExecutionOrderSort (0ms)
			DisableScriptedObjects (4ms)
			BackupInstance (0ms)
			ReleaseScriptingObjects (0ms)
			CreateAndSetChildDomain (27ms)
		EndReloadAssembly (522ms)
			LoadAssemblies (66ms)
			RebuildTransferFunctionScriptingTraits (0ms)
			SetupTypeCache (182ms)
			ReleaseScriptCaches (1ms)
			RebuildScriptCaches (29ms)
			SetupLoadedEditorAssemblies (213ms)
				LogAssemblyErrors (0ms)
				InitializePlatformSupportModulesInManaged (16ms)
				SetLoadedEditorAssemblies (0ms)
				RefreshPlugins (1ms)
				BeforeProcessingInitializeOnLoad (45ms)
				ProcessInitializeOnLoadAttributes (128ms)
				ProcessInitializeOnLoadMethodAttributes (18ms)
				AfterProcessingInitializeOnLoad (5ms)
				EditorAssembliesLoaded (0ms)
			ExecutionOrderSort2 (0ms)
			AwakeInstancesAfterBackupRestoration (4ms)
Platform modules already initialized, skipping
Refreshing native plugins compatible for Editor in 2.39 ms, found 3 plugins.
Preloading 0 native plugins for Editor in 0.00 ms.
Unloading 3361 Unused Serialized files (Serialized files now loaded: 0)
Unloading 26 unused Assets / (80.5 KB). Loaded Objects now: 3842.
Memory consumption went from 120.2 MB to 120.1 MB.
Total: 2.280900 ms (FindLiveObjects: 0.176600 ms CreateObjectMapping: 0.087300 ms MarkObjects: 1.941100 ms  DeleteObjects: 0.075000 ms)

AssetImportParameters requested are different than current active one (requested -> active):
  custom:video-decoder-ogg-theora: a1e56fd34408186e4bbccfd4996cb3dc -> 
  custom:container-muxer-webm: aa71ff27fc2769a1b78a27578f13a17b -> 
  custom:container-demuxer-webm: 4f35f7cbe854078d1ac9338744f61a02 -> 
  custom:video-encoder-webm-vp8: eb34c28f22e8b96e1ab97ce403110664 -> 
  custom:video-codec-MediaFoundation-h265: 746d11721c4dcdbdad8f713fa42b33f4 -> 
  custom:audio-encoder-webm-vorbis: bf7c407c2cedff20999df2af8eb42d56 -> 
  custom:framework-win-MediaFoundation: 216162199b28c13a410421893ffa2e32 -> 
  custom:container-demuxer-ogg: 62fdf1f143b41e24485cea50d1cbac27 -> 
  custom:video-decoder-webm-vp8: 9c59270c3fd7afecdb556c50c9e8de78 -> 
  custom:audio-decoder-ogg-vorbis: bf7c407c2cedff20999df2af8eb42d56 -> 
========================================================================
Received Import Request.
  Time since last request: 56.717379 seconds.
  path: Assets/MVC2/Tools/MonoSingleton.cs
  artifactKey: Guid(27d02e8264dd467aa51203e478490776) Importer(815301076,1909f56bfc062723c751e8b465ee728b)
Start importing Assets/MVC2/Tools/MonoSingleton.cs using Guid(27d02e8264dd467aa51203e478490776) Importer(815301076,1909f56bfc062723c751e8b465ee728b)  -> (artifact id: '6ba28fe5c7508543de85cb6b21970c21') in 0.004782 seconds 
========================================================================
Received Import Request.
  Time since last request: 0.761245 seconds.
  path: Assets/MVC2/Tools/Singleton.cs
  artifactKey: Guid(9c9619e314e94c58a0566fd330e52029) Importer(815301076,1909f56bfc062723c751e8b465ee728b)
Start importing Assets/MVC2/Tools/Singleton.cs using Guid(9c9619e314e94c58a0566fd330e52029) Importer(815301076,1909f56bfc062723c751e8b465ee728b)  -> (artifact id: '3356e1d51a64e39cb6923cde14570d54') in 0.002748 seconds 
========================================================================
Received Import Request.
  Time since last request: 0.432495 seconds.
  path: Assets/MVC2/Tools/Toos.cs
  artifactKey: Guid(3d999072669d45f3a86aad597ab7b92e) Importer(815301076,1909f56bfc062723c751e8b465ee728b)
Start importing Assets/MVC2/Tools/Toos.cs using Guid(3d999072669d45f3a86aad597ab7b92e) Importer(815301076,1909f56bfc062723c751e8b465ee728b)  -> (artifact id: '1c1c806938ac8101222048a70f02b517') in 0.001305 seconds 
========================================================================
Received Import Request.
  Time since last request: 4.833970 seconds.
  path: Assets/MVC2/UIWindow.cs
  artifactKey: Guid(906ba339b3a54c5089090b268d40ca83) Importer(815301076,1909f56bfc062723c751e8b465ee728b)
Start importing Assets/MVC2/UIWindow.cs using Guid(906ba339b3a54c5089090b268d40ca83) Importer(815301076,1909f56bfc062723c751e8b465ee728b)  -> (artifact id: 'bf4eb29f575ff31fc84f836ae6bf66ae') in 0.001229 seconds 
========================================================================
Received Import Request.
  Time since last request: 1.298136 seconds.
  path: Assets/MVC2/UIWindowConfigs.cs
  artifactKey: Guid(23da549ea60a4cfcbb46e17dcb6a0297) Importer(815301076,1909f56bfc062723c751e8b465ee728b)
Start importing Assets/MVC2/UIWindowConfigs.cs using Guid(23da549ea60a4cfcbb46e17dcb6a0297) Importer(815301076,1909f56bfc062723c751e8b465ee728b)  -> (artifact id: '8a887e267cbdfb1a1f1e7fa45a0e0a69') in 0.001400 seconds 
========================================================================
Received Import Request.
  Time since last request: 11.476773 seconds.
  path: Assets/MVC2
  artifactKey: Guid(b1ffc5d1199fbc949b32718b1562f7c8) Importer(815301076,1909f56bfc062723c751e8b465ee728b)
Start importing Assets/MVC2 using Guid(b1ffc5d1199fbc949b32718b1562f7c8) Importer(815301076,1909f56bfc062723c751e8b465ee728b)  -> (artifact id: 'bbe80db8de2b84b4ed68f5c5511daefe') in 0.001319 seconds 
========================================================================
Received Prepare
Registering precompiled user dll's ...
Registered in 0.008336 seconds.
Begin MonoManager ReloadAssembly
Symbol file LoadedFromMemory doesn't match image D:\unity\Project\12.17UI\Library\PackageCache\com.unity.visualscripting@1.7.8\Editor\VisualScripting.Core\Dependencies\YamlDotNet\Unity.VisualScripting.YamlDotNet.dll
Symbol file LoadedFromMemory doesn't match image D:\unity\Project\12.17UI\Library\PackageCache\com.unity.visualscripting@1.7.8\Editor\VisualScripting.Core\Dependencies\DotNetZip\Unity.VisualScripting.IonicZip.dll
Native extension for WindowsStandalone target not found
Native extension for Android target not found
Refreshing native plugins compatible for Editor in 0.42 ms, found 3 plugins.
Preloading 0 native plugins for Editor in 0.00 ms.
Mono: successfully reloaded assembly
- Completed reload, in  0.680 seconds
Domain Reload Profiling:
	ReloadAssembly (681ms)
		BeginReloadAssembly (95ms)
			ExecutionOrderSort (0ms)
			DisableScriptedObjects (3ms)
			BackupInstance (0ms)
			ReleaseScriptingObjects (0ms)
			CreateAndSetChildDomain (26ms)
		EndReloadAssembly (512ms)
			LoadAssemblies (63ms)
			RebuildTransferFunctionScriptingTraits (0ms)
			SetupTypeCache (178ms)
			ReleaseScriptCaches (1ms)
			RebuildScriptCaches (26ms)
			SetupLoadedEditorAssemblies (206ms)
				LogAssemblyErrors (0ms)
				InitializePlatformSupportModulesInManaged (14ms)
				SetLoadedEditorAssemblies (0ms)
				RefreshPlugins (0ms)
				BeforeProcessingInitializeOnLoad (41ms)
				ProcessInitializeOnLoadAttributes (123ms)
				ProcessInitializeOnLoadMethodAttributes (20ms)
				AfterProcessingInitializeOnLoad (6ms)
				EditorAssembliesLoaded (0ms)
			ExecutionOrderSort2 (0ms)
			AwakeInstancesAfterBackupRestoration (6ms)
Platform modules already initialized, skipping
Refreshing native plugins compatible for Editor in 1.54 ms, found 3 plugins.
Preloading 0 native plugins for Editor in 0.00 ms.
Unloading 3361 Unused Serialized files (Serialized files now loaded: 0)
Unloading 22 unused Assets / (80.6 KB). Loaded Objects now: 3845.
Memory consumption went from 120.3 MB to 120.3 MB.
Total: 2.322500 ms (FindLiveObjects: 0.156500 ms CreateObjectMapping: 0.076800 ms MarkObjects: 2.030700 ms  DeleteObjects: 0.057600 ms)

AssetImportParameters requested are different than current active one (requested -> active):
  custom:video-decoder-ogg-theora: a1e56fd34408186e4bbccfd4996cb3dc -> 
  custom:container-muxer-webm: aa71ff27fc2769a1b78a27578f13a17b -> 
  custom:container-demuxer-webm: 4f35f7cbe854078d1ac9338744f61a02 -> 
  custom:video-encoder-webm-vp8: eb34c28f22e8b96e1ab97ce403110664 -> 
  custom:video-codec-MediaFoundation-h265: 746d11721c4dcdbdad8f713fa42b33f4 -> 
  custom:audio-encoder-webm-vorbis: bf7c407c2cedff20999df2af8eb42d56 -> 
  custom:framework-win-MediaFoundation: 216162199b28c13a410421893ffa2e32 -> 
  custom:container-demuxer-ogg: 62fdf1f143b41e24485cea50d1cbac27 -> 
  custom:video-decoder-webm-vp8: 9c59270c3fd7afecdb556c50c9e8de78 -> 
  custom:audio-decoder-ogg-vorbis: bf7c407c2cedff20999df2af8eb42d56 -> 
========================================================================
Received Prepare
Registering precompiled user dll's ...
Registered in 0.008037 seconds.
Begin MonoManager ReloadAssembly
Symbol file LoadedFromMemory doesn't match image D:\unity\Project\12.17UI\Library\PackageCache\com.unity.visualscripting@1.7.8\Editor\VisualScripting.Core\Dependencies\YamlDotNet\Unity.VisualScripting.YamlDotNet.dll
Symbol file LoadedFromMemory doesn't match image D:\unity\Project\12.17UI\Library\PackageCache\com.unity.visualscripting@1.7.8\Editor\VisualScripting.Core\Dependencies\DotNetZip\Unity.VisualScripting.IonicZip.dll
Native extension for WindowsStandalone target not found
Native extension for Android target not found
Refreshing native plugins compatible for Editor in 0.44 ms, found 3 plugins.
Preloading 0 native plugins for Editor in 0.00 ms.
Mono: successfully reloaded assembly
- Completed reload, in  0.690 seconds
Domain Reload Profiling:
	ReloadAssembly (691ms)
		BeginReloadAssembly (96ms)
			ExecutionOrderSort (0ms)
			DisableScriptedObjects (3ms)
			BackupInstance (0ms)
			ReleaseScriptingObjects (0ms)
			CreateAndSetChildDomain (24ms)
		EndReloadAssembly (528ms)
			LoadAssemblies (63ms)
			RebuildTransferFunctionScriptingTraits (0ms)
			SetupTypeCache (173ms)
			ReleaseScriptCaches (1ms)
			RebuildScriptCaches (37ms)
			SetupLoadedEditorAssemblies (213ms)
				LogAssemblyErrors (0ms)
				InitializePlatformSupportModulesInManaged (16ms)
				SetLoadedEditorAssemblies (0ms)
				RefreshPlugins (1ms)
				BeforeProcessingInitializeOnLoad (45ms)
				ProcessInitializeOnLoadAttributes (125ms)
				ProcessInitializeOnLoadMethodAttributes (20ms)
				AfterProcessingInitializeOnLoad (6ms)
				EditorAssembliesLoaded (0ms)
			ExecutionOrderSort2 (0ms)
			AwakeInstancesAfterBackupRestoration (4ms)
Platform modules already initialized, skipping
Refreshing native plugins compatible for Editor in 1.44 ms, found 3 plugins.
Preloading 0 native plugins for Editor in 0.00 ms.
Unloading 3352 Unused Serialized files (Serialized files now loaded: 0)
Unloading 29 unused Assets / (80.2 KB). Loaded Objects now: 3839.
Memory consumption went from 120.0 MB to 120.0 MB.
Total: 2.184900 ms (FindLiveObjects: 0.158700 ms CreateObjectMapping: 0.094900 ms MarkObjects: 1.861300 ms  DeleteObjects: 0.069200 ms)

AssetImportParameters requested are different than current active one (requested -> active):
  custom:video-decoder-ogg-theora: a1e56fd34408186e4bbccfd4996cb3dc -> 
  custom:container-muxer-webm: aa71ff27fc2769a1b78a27578f13a17b -> 
  custom:container-demuxer-webm: 4f35f7cbe854078d1ac9338744f61a02 -> 
  custom:video-encoder-webm-vp8: eb34c28f22e8b96e1ab97ce403110664 -> 
  custom:video-codec-MediaFoundation-h265: 746d11721c4dcdbdad8f713fa42b33f4 -> 
  custom:audio-encoder-webm-vorbis: bf7c407c2cedff20999df2af8eb42d56 -> 
  custom:framework-win-MediaFoundation: 216162199b28c13a410421893ffa2e32 -> 
  custom:container-demuxer-ogg: 62fdf1f143b41e24485cea50d1cbac27 -> 
  custom:video-decoder-webm-vp8: 9c59270c3fd7afecdb556c50c9e8de78 -> 
  custom:audio-decoder-ogg-vorbis: bf7c407c2cedff20999df2af8eb42d56 -> 
========================================================================
Received Import Request.
  Time since last request: 71.857838 seconds.
  path: Assets/MVC
  artifactKey: Guid(b1ffc5d1199fbc949b32718b1562f7c8) Importer(815301076,1909f56bfc062723c751e8b465ee728b)
Start importing Assets/MVC using Guid(b1ffc5d1199fbc949b32718b1562f7c8) Importer(815301076,1909f56bfc062723c751e8b465ee728b)  -> (artifact id: 'fa1651b82faecf9ab295945d21e4dde2') in 0.004481 seconds 
========================================================================
Received Import Request.
  Time since last request: 728.540632 seconds.
  path: Assets/MVC/Manager/UIManager.cs
  artifactKey: Guid(6d62bc4201b0406295b9af40ad2250bb) Importer(815301076,1909f56bfc062723c751e8b465ee728b)
Start importing Assets/MVC/Manager/UIManager.cs using Guid(6d62bc4201b0406295b9af40ad2250bb) Importer(815301076,1909f56bfc062723c751e8b465ee728b)  -> (artifact id: '5a5568d014c24e90eff2d8978194406c') in 0.001580 seconds 
